[INFO][main][2017-10-30 20:11:05][org.springframework.test.context.support.AbstractTestContextBootstrapper] - Using TestExecutionListeners: [org.springframework.test.context.web.ServletTestExecutionListener@3532ec19, org.springframework.test.context.support.DirtiesContextBeforeModesTestExecutionListener@68c4039c, org.springframework.test.context.support.DependencyInjectionTestExecutionListener@ae45eb6, org.springframework.test.context.support.DirtiesContextTestExecutionListener@59f99ea, org.springframework.test.context.transaction.TransactionalTestExecutionListener@27efef64, org.springframework.test.context.jdbc.SqlScriptsTestExecutionListener@6f7fd0e6]
[INFO][main][2017-10-30 20:11:05][org.springframework.test.context.support.AbstractTestContextBootstrapper] - Using TestExecutionListeners: [org.springframework.test.context.web.ServletTestExecutionListener@6500df86, org.springframework.test.context.support.DirtiesContextBeforeModesTestExecutionListener@402a079c, org.springframework.test.context.support.DependencyInjectionTestExecutionListener@59ec2012, org.springframework.test.context.support.DirtiesContextTestExecutionListener@4cf777e8, org.springframework.test.context.transaction.TransactionalTestExecutionListener@2f686d1f, org.springframework.test.context.jdbc.SqlScriptsTestExecutionListener@3fee9989]
[INFO][main][2017-10-30 20:11:05][org.springframework.beans.factory.xml.XmlBeanDefinitionReader] - Loading XML bean definitions from URL [file:/D:/Code/Java/JavaProject/pairsystem/target/classes/spring-mvc.xml]
[INFO][main][2017-10-30 20:11:06][org.springframework.beans.factory.xml.XmlBeanDefinitionReader] - Loading XML bean definitions from URL [file:/D:/Code/Java/JavaProject/pairsystem/target/classes/spring-mybatis.xml]
[INFO][main][2017-10-30 20:11:06][org.springframework.context.support.AbstractApplicationContext] - Refreshing org.springframework.context.support.GenericApplicationContext@5ec0a365: startup date [Mon Oct 30 20:11:06 GMT+08:00 2017]; root of context hierarchy
[INFO][main][2017-10-30 20:11:06][org.springframework.core.io.support.PropertiesLoaderSupport] - Loading properties file from class path resource [jdbc.properties]
[INFO][main][2017-10-30 20:11:07][org.springframework.beans.factory.annotation.AutowiredAnnotationBeanPostProcessor] - JSR-330 'javax.inject.Inject' annotation found and supported for autowiring
[INFO][main][2017-10-30 20:11:07][org.springframework.context.support.PostProcessorRegistrationDelegate$BeanPostProcessorChecker] - Bean '(inner bean)#37654521' of type [class java.util.concurrent.ThreadPoolExecutor$CallerRunsPolicy] is not eligible for getting processed by all BeanPostProcessors (for example: not eligible for auto-proxying)
[INFO][main][2017-10-30 20:11:07][org.springframework.scheduling.concurrent.ExecutorConfigurationSupport] - Initializing ExecutorService 
[INFO][main][2017-10-30 20:11:07][org.springframework.context.support.PostProcessorRegistrationDelegate$BeanPostProcessorChecker] - Bean 'executor' of type [class org.springframework.scheduling.config.TaskExecutorFactoryBean] is not eligible for getting processed by all BeanPostProcessors (for example: not eligible for auto-proxying)
[INFO][main][2017-10-30 20:11:07][org.springframework.context.support.PostProcessorRegistrationDelegate$BeanPostProcessorChecker] - Bean 'executor' of type [class org.springframework.scheduling.concurrent.ThreadPoolTaskExecutor] is not eligible for getting processed by all BeanPostProcessors (for example: not eligible for auto-proxying)
[INFO][main][2017-10-30 20:11:07][org.springframework.scheduling.concurrent.ExecutorConfigurationSupport] - Initializing ExecutorService  'scheduler'
[INFO][main][2017-10-30 20:11:07][org.springframework.context.support.PostProcessorRegistrationDelegate$BeanPostProcessorChecker] - Bean 'scheduler' of type [class org.springframework.scheduling.concurrent.ThreadPoolTaskScheduler] is not eligible for getting processed by all BeanPostProcessors (for example: not eligible for auto-proxying)
[INFO][main][2017-10-30 20:11:08][org.springframework.web.servlet.handler.AbstractUrlHandlerMapping] - Mapped URL path [/**] onto handler 'org.springframework.web.servlet.resource.DefaultServletHttpRequestHandler#0'
[INFO][main][2017-10-30 20:11:08][org.springframework.web.servlet.handler.AbstractHandlerMethodMapping$MappingRegistry] - Mapped "{[/adminchangeurl]}" onto public java.lang.String hyh.controller.AdminController.changeUrl()
[INFO][main][2017-10-30 20:11:08][org.springframework.web.servlet.handler.AbstractHandlerMethodMapping$MappingRegistry] - Mapped "{[/admin]}" onto public java.lang.String hyh.controller.AdminController.getToAdmin(javax.servlet.http.HttpServletRequest)
[INFO][main][2017-10-30 20:11:08][org.springframework.web.servlet.handler.AbstractHandlerMethodMapping$MappingRegistry] - Mapped "{[/adminsendbrepairinfo]}" onto public java.lang.String hyh.controller.AdminController.sendBrePairInfo()
[INFO][main][2017-10-30 20:11:08][org.springframework.web.servlet.handler.AbstractHandlerMethodMapping$MappingRegistry] - Mapped "{[/adminchangebrenum]}" onto public java.lang.String hyh.controller.AdminController.changeBrenum(int,javax.servlet.http.HttpSession)
[INFO][main][2017-10-30 20:11:08][org.springframework.web.servlet.handler.AbstractHandlerMethodMapping$MappingRegistry] - Mapped "{[/admingetpaircot]}" onto public int hyh.controller.AdminController.getPairCot()
[INFO][main][2017-10-30 20:11:08][org.springframework.web.servlet.handler.AbstractHandlerMethodMapping$MappingRegistry] - Mapped "{[/admineditor]}" onto public java.lang.String hyh.controller.AdminController.getToEditor(javax.servlet.http.HttpServletRequest)
[INFO][main][2017-10-30 20:11:08][org.springframework.web.servlet.handler.AbstractHandlerMethodMapping$MappingRegistry] - Mapped "{[/admincheckpairbre]}" onto public int hyh.controller.AdminController.checkPairBre()
[INFO][main][2017-10-30 20:11:08][org.springframework.web.servlet.handler.AbstractHandlerMethodMapping$MappingRegistry] - Mapped "{[/admincheckupdateemail]}" onto public java.lang.String hyh.controller.AdminController.checkUpdateEmail(java.lang.String,java.lang.String,java.lang.String,java.lang.String,java.lang.String,java.lang.String,java.lang.String,java.lang.String,java.lang.String)
[INFO][main][2017-10-30 20:11:08][org.springframework.web.servlet.handler.AbstractHandlerMethodMapping$MappingRegistry] - Mapped "{[/self-studying]}" onto public java.lang.String hyh.controller.AssistController.getToAddSelfstudying()
[INFO][main][2017-10-30 20:11:08][org.springframework.web.servlet.handler.AbstractHandlerMethodMapping$MappingRegistry] - Mapped "{[/authenticate]}" onto public java.lang.String hyh.controller.AssistController.gteToAuthenticate()
[INFO][main][2017-10-30 20:11:08][org.springframework.web.servlet.handler.AbstractHandlerMethodMapping$MappingRegistry] - Mapped "{[/checkaddstudent]}" onto public java.lang.String hyh.controller.AssistController.checkAddStudent(javax.servlet.http.HttpServletRequest)
[INFO][main][2017-10-30 20:11:08][org.springframework.web.servlet.handler.AbstractHandlerMethodMapping$MappingRegistry] - Mapped "{[/teacher]}" onto public java.lang.String hyh.controller.AssistController.getToAddTeacher(javax.servlet.http.HttpServletRequest)
[INFO][main][2017-10-30 20:11:08][org.springframework.web.servlet.handler.AbstractHandlerMethodMapping$MappingRegistry] - Mapped "{[/checkaddstudying]}" onto public java.lang.String hyh.controller.AssistController.checkAddStudying(javax.servlet.http.HttpServletRequest)
[INFO][main][2017-10-30 20:11:08][org.springframework.web.servlet.handler.AbstractHandlerMethodMapping$MappingRegistry] - Mapped "{[/applyteacher]}" onto public java.lang.String hyh.controller.AssistController.getToTeacher()
[INFO][main][2017-10-30 20:11:08][org.springframework.web.servlet.handler.AbstractHandlerMethodMapping$MappingRegistry] - Mapped "{[/assist]}" onto public java.lang.String hyh.controller.AssistController.getToAssist(javax.servlet.http.HttpServletRequest)
[INFO][main][2017-10-30 20:11:08][org.springframework.web.servlet.handler.AbstractHandlerMethodMapping$MappingRegistry] - Mapped "{[/checkaddteacher]}" onto public java.lang.String hyh.controller.AssistController.checkAddTeacher(javax.servlet.http.HttpServletRequest)
[INFO][main][2017-10-30 20:11:08][org.springframework.web.servlet.handler.AbstractHandlerMethodMapping$MappingRegistry] - Mapped "{[/checkaddbreuser]}" onto public java.lang.String hyh.controller.BreakfastController.checkAddBreUser(javax.servlet.http.HttpServletRequest)
[INFO][main][2017-10-30 20:11:08][org.springframework.web.servlet.handler.AbstractHandlerMethodMapping$MappingRegistry] - Mapped "{[/breakfast]}" onto public java.lang.String hyh.controller.BreakfastController.getToBreakfast(javax.servlet.http.HttpServletRequest)
[INFO][main][2017-10-30 20:11:08][org.springframework.web.servlet.handler.AbstractHandlerMethodMapping$MappingRegistry] - Mapped "{[/admindownload]}" onto public java.lang.String hyh.controller.FileController.download(java.lang.String,java.lang.String,javax.servlet.http.HttpServletResponse)
[INFO][main][2017-10-30 20:11:08][org.springframework.web.servlet.handler.AbstractHandlerMethodMapping$MappingRegistry] - Mapped "{[/adminmakeexcel]}" onto public java.lang.String hyh.controller.FileController.makeExcel(javax.servlet.http.HttpServletRequest)
[INFO][main][2017-10-30 20:11:08][org.springframework.web.servlet.handler.AbstractHandlerMethodMapping$MappingRegistry] - Mapped "{[/uploadfile]}" onto public java.lang.String hyh.controller.FileController.uploadFile(org.springframework.web.multipart.commons.CommonsMultipartFile[],javax.servlet.http.HttpServletRequest)
[INFO][main][2017-10-30 20:11:08][org.springframework.web.servlet.handler.AbstractHandlerMethodMapping$MappingRegistry] - Mapped "{[/adminmakeauthdatazip]}" onto public java.lang.String hyh.controller.FileController.makeAuthDataZip()
[INFO][main][2017-10-30 20:11:08][org.springframework.web.servlet.handler.AbstractHandlerMethodMapping$MappingRegistry] - Mapped "{[/logout]}" onto public java.lang.String hyh.controller.LoginController.logout(javax.servlet.http.HttpSession)
[INFO][main][2017-10-30 20:11:08][org.springframework.web.servlet.handler.AbstractHandlerMethodMapping$MappingRegistry] - Mapped "{[/login]}" onto public java.lang.String hyh.controller.LoginController.getToLogin(javax.servlet.http.HttpSession)
[INFO][main][2017-10-30 20:11:08][org.springframework.web.servlet.handler.AbstractHandlerMethodMapping$MappingRegistry] - Mapped "{[/checklogin]}" onto public java.lang.String hyh.controller.LoginController.checkLogin(java.lang.String,java.lang.String,javax.servlet.http.HttpSession)
[INFO][main][2017-10-30 20:11:08][org.springframework.web.servlet.handler.AbstractHandlerMethodMapping$MappingRegistry] - Mapped "{[/admincheckdelete]}" onto public java.lang.String hyh.controller.QueryUserController.checkDelete(java.lang.String,java.lang.String)
[INFO][main][2017-10-30 20:11:08][org.springframework.web.servlet.handler.AbstractHandlerMethodMapping$MappingRegistry] - Mapped "{[/admincheckupdateassist]}" onto public java.lang.String hyh.controller.QueryUserController.checkUpdateAssist(javax.servlet.http.HttpServletRequest)
[INFO][main][2017-10-30 20:11:08][org.springframework.web.servlet.handler.AbstractHandlerMethodMapping$MappingRegistry] - Mapped "{[/admincheckupdateuser]}" onto public java.lang.String hyh.controller.QueryUserController.checkUpdateUser(javax.servlet.http.HttpServletRequest)
[INFO][main][2017-10-30 20:11:08][org.springframework.web.servlet.handler.AbstractHandlerMethodMapping$MappingRegistry] - Mapped "{[/admingetuser]}" onto public java.lang.String hyh.controller.QueryUserController.getToGetUser(java.lang.String,java.lang.String,javax.servlet.http.HttpServletRequest,javax.servlet.http.HttpSession)
[INFO][main][2017-10-30 20:11:08][org.springframework.web.servlet.handler.AbstractHandlerMethodMapping$MappingRegistry] - Mapped "{[/admingetassist]}" onto public java.lang.String hyh.controller.QueryUserController.getToGetAssist(java.lang.String,javax.servlet.http.HttpServletRequest)
[INFO][main][2017-10-30 20:11:08][org.springframework.web.servlet.handler.AbstractHandlerMethodMapping$MappingRegistry] - Mapped "{[/adminqueryuser]}" onto public java.lang.String hyh.controller.QueryUserController.getToQueryuser(javax.servlet.http.HttpServletRequest)
[INFO][main][2017-10-30 20:11:09][org.springframework.web.servlet.mvc.method.annotation.RequestMappingHandlerAdapter] - Looking for @ControllerAdvice: org.springframework.context.support.GenericApplicationContext@5ec0a365: startup date [Mon Oct 30 20:11:06 GMT+08:00 2017]; root of context hierarchy
[INFO][main][2017-10-30 20:11:09][org.springframework.web.servlet.mvc.method.annotation.RequestMappingHandlerAdapter] - Looking for @ControllerAdvice: org.springframework.context.support.GenericApplicationContext@5ec0a365: startup date [Mon Oct 30 20:11:06 GMT+08:00 2017]; root of context hierarchy
[INFO][main][2017-10-30 20:11:09][org.springframework.test.context.transaction.TransactionContext] - Began transaction (1) for test context [DefaultTestContext@1a2e2935 testClass = ServiceTest, testInstance = hyh.service.ServiceTest@733c423e, testMethod = teseUserService@ServiceTest, testException = [null], mergedContextConfiguration = [MergedContextConfiguration@10c8f62 testClass = ServiceTest, locations = '{classpath*:/spring-mvc.xml, classpath*:/spring-mybatis.xml}', classes = '{}', contextInitializerClasses = '[]', activeProfiles = '{}', propertySourceLocations = '{}', propertySourceProperties = '{}', contextLoader = 'org.springframework.test.context.support.DelegatingSmartContextLoader', parent = [null]]]; transaction manager [org.springframework.jdbc.datasource.DataSourceTransactionManager@4b629f13]; rollback [true]
[INFO][main][2017-10-30 20:11:09][hyh.service.UserService] - 通过学号20111111获取用户
[INFO][main][2017-10-30 20:11:09][org.springframework.test.context.transaction.TransactionContext] - Rolled back transaction for test context [DefaultTestContext@1a2e2935 testClass = ServiceTest, testInstance = hyh.service.ServiceTest@733c423e, testMethod = teseUserService@ServiceTest, testException = java.lang.NullPointerException, mergedContextConfiguration = [MergedContextConfiguration@10c8f62 testClass = ServiceTest, locations = '{classpath*:/spring-mvc.xml, classpath*:/spring-mybatis.xml}', classes = '{}', contextInitializerClasses = '[]', activeProfiles = '{}', propertySourceLocations = '{}', propertySourceProperties = '{}', contextLoader = 'org.springframework.test.context.support.DelegatingSmartContextLoader', parent = [null]]].
[INFO][Thread-1][2017-10-30 20:11:09][org.springframework.context.support.AbstractApplicationContext] - Closing org.springframework.context.support.GenericApplicationContext@5ec0a365: startup date [Mon Oct 30 20:11:06 GMT+08:00 2017]; root of context hierarchy
[INFO][Thread-1][2017-10-30 20:11:09][org.springframework.scheduling.concurrent.ExecutorConfigurationSupport] - Shutting down ExecutorService 'scheduler'
[INFO][Thread-1][2017-10-30 20:11:09][org.springframework.scheduling.concurrent.ExecutorConfigurationSupport] - Shutting down ExecutorService
[INFO][main][2017-10-30 20:12:31][org.springframework.test.context.support.AbstractTestContextBootstrapper] - Using TestExecutionListeners: [org.springframework.test.context.web.ServletTestExecutionListener@3532ec19, org.springframework.test.context.support.DirtiesContextBeforeModesTestExecutionListener@68c4039c, org.springframework.test.context.support.DependencyInjectionTestExecutionListener@ae45eb6, org.springframework.test.context.support.DirtiesContextTestExecutionListener@59f99ea, org.springframework.test.context.transaction.TransactionalTestExecutionListener@27efef64, org.springframework.test.context.jdbc.SqlScriptsTestExecutionListener@6f7fd0e6]
[INFO][main][2017-10-30 20:12:31][org.springframework.test.context.support.AbstractTestContextBootstrapper] - Using TestExecutionListeners: [org.springframework.test.context.web.ServletTestExecutionListener@6500df86, org.springframework.test.context.support.DirtiesContextBeforeModesTestExecutionListener@402a079c, org.springframework.test.context.support.DependencyInjectionTestExecutionListener@59ec2012, org.springframework.test.context.support.DirtiesContextTestExecutionListener@4cf777e8, org.springframework.test.context.transaction.TransactionalTestExecutionListener@2f686d1f, org.springframework.test.context.jdbc.SqlScriptsTestExecutionListener@3fee9989]
[INFO][main][2017-10-30 20:12:31][org.springframework.beans.factory.xml.XmlBeanDefinitionReader] - Loading XML bean definitions from URL [file:/D:/Code/Java/JavaProject/pairsystem/target/classes/spring-mvc.xml]
[INFO][main][2017-10-30 20:12:31][org.springframework.beans.factory.xml.XmlBeanDefinitionReader] - Loading XML bean definitions from URL [file:/D:/Code/Java/JavaProject/pairsystem/target/classes/spring-mybatis.xml]
[INFO][main][2017-10-30 20:12:31][org.springframework.context.support.AbstractApplicationContext] - Refreshing org.springframework.context.support.GenericApplicationContext@5ec0a365: startup date [Mon Oct 30 20:12:31 GMT+08:00 2017]; root of context hierarchy
[INFO][main][2017-10-30 20:12:31][org.springframework.core.io.support.PropertiesLoaderSupport] - Loading properties file from class path resource [jdbc.properties]
[INFO][main][2017-10-30 20:12:31][org.springframework.beans.factory.annotation.AutowiredAnnotationBeanPostProcessor] - JSR-330 'javax.inject.Inject' annotation found and supported for autowiring
[INFO][main][2017-10-30 20:12:31][org.springframework.context.support.PostProcessorRegistrationDelegate$BeanPostProcessorChecker] - Bean '(inner bean)#37654521' of type [class java.util.concurrent.ThreadPoolExecutor$CallerRunsPolicy] is not eligible for getting processed by all BeanPostProcessors (for example: not eligible for auto-proxying)
[INFO][main][2017-10-30 20:12:31][org.springframework.scheduling.concurrent.ExecutorConfigurationSupport] - Initializing ExecutorService 
[INFO][main][2017-10-30 20:12:31][org.springframework.context.support.PostProcessorRegistrationDelegate$BeanPostProcessorChecker] - Bean 'executor' of type [class org.springframework.scheduling.config.TaskExecutorFactoryBean] is not eligible for getting processed by all BeanPostProcessors (for example: not eligible for auto-proxying)
[INFO][main][2017-10-30 20:12:31][org.springframework.context.support.PostProcessorRegistrationDelegate$BeanPostProcessorChecker] - Bean 'executor' of type [class org.springframework.scheduling.concurrent.ThreadPoolTaskExecutor] is not eligible for getting processed by all BeanPostProcessors (for example: not eligible for auto-proxying)
[INFO][main][2017-10-30 20:12:31][org.springframework.scheduling.concurrent.ExecutorConfigurationSupport] - Initializing ExecutorService  'scheduler'
[INFO][main][2017-10-30 20:12:31][org.springframework.context.support.PostProcessorRegistrationDelegate$BeanPostProcessorChecker] - Bean 'scheduler' of type [class org.springframework.scheduling.concurrent.ThreadPoolTaskScheduler] is not eligible for getting processed by all BeanPostProcessors (for example: not eligible for auto-proxying)
[INFO][main][2017-10-30 20:12:32][org.springframework.web.servlet.handler.AbstractUrlHandlerMapping] - Mapped URL path [/**] onto handler 'org.springframework.web.servlet.resource.DefaultServletHttpRequestHandler#0'
[INFO][main][2017-10-30 20:12:32][org.springframework.web.servlet.handler.AbstractHandlerMethodMapping$MappingRegistry] - Mapped "{[/admingetpaircot]}" onto public int hyh.controller.AdminController.getPairCot()
[INFO][main][2017-10-30 20:12:32][org.springframework.web.servlet.handler.AbstractHandlerMethodMapping$MappingRegistry] - Mapped "{[/adminsendbrepairinfo]}" onto public java.lang.String hyh.controller.AdminController.sendBrePairInfo()
[INFO][main][2017-10-30 20:12:32][org.springframework.web.servlet.handler.AbstractHandlerMethodMapping$MappingRegistry] - Mapped "{[/admincheckpairbre]}" onto public int hyh.controller.AdminController.checkPairBre()
[INFO][main][2017-10-30 20:12:32][org.springframework.web.servlet.handler.AbstractHandlerMethodMapping$MappingRegistry] - Mapped "{[/admineditor]}" onto public java.lang.String hyh.controller.AdminController.getToEditor(javax.servlet.http.HttpServletRequest)
[INFO][main][2017-10-30 20:12:32][org.springframework.web.servlet.handler.AbstractHandlerMethodMapping$MappingRegistry] - Mapped "{[/adminchangeurl]}" onto public java.lang.String hyh.controller.AdminController.changeUrl()
[INFO][main][2017-10-30 20:12:32][org.springframework.web.servlet.handler.AbstractHandlerMethodMapping$MappingRegistry] - Mapped "{[/admin]}" onto public java.lang.String hyh.controller.AdminController.getToAdmin(javax.servlet.http.HttpServletRequest)
[INFO][main][2017-10-30 20:12:32][org.springframework.web.servlet.handler.AbstractHandlerMethodMapping$MappingRegistry] - Mapped "{[/admincheckupdateemail]}" onto public java.lang.String hyh.controller.AdminController.checkUpdateEmail(java.lang.String,java.lang.String,java.lang.String,java.lang.String,java.lang.String,java.lang.String,java.lang.String,java.lang.String,java.lang.String)
[INFO][main][2017-10-30 20:12:32][org.springframework.web.servlet.handler.AbstractHandlerMethodMapping$MappingRegistry] - Mapped "{[/adminchangebrenum]}" onto public java.lang.String hyh.controller.AdminController.changeBrenum(int,javax.servlet.http.HttpSession)
[INFO][main][2017-10-30 20:12:32][org.springframework.web.servlet.handler.AbstractHandlerMethodMapping$MappingRegistry] - Mapped "{[/self-studying]}" onto public java.lang.String hyh.controller.AssistController.getToAddSelfstudying()
[INFO][main][2017-10-30 20:12:32][org.springframework.web.servlet.handler.AbstractHandlerMethodMapping$MappingRegistry] - Mapped "{[/authenticate]}" onto public java.lang.String hyh.controller.AssistController.gteToAuthenticate()
[INFO][main][2017-10-30 20:12:32][org.springframework.web.servlet.handler.AbstractHandlerMethodMapping$MappingRegistry] - Mapped "{[/applyteacher]}" onto public java.lang.String hyh.controller.AssistController.getToTeacher()
[INFO][main][2017-10-30 20:12:32][org.springframework.web.servlet.handler.AbstractHandlerMethodMapping$MappingRegistry] - Mapped "{[/assist]}" onto public java.lang.String hyh.controller.AssistController.getToAssist(javax.servlet.http.HttpServletRequest)
[INFO][main][2017-10-30 20:12:32][org.springframework.web.servlet.handler.AbstractHandlerMethodMapping$MappingRegistry] - Mapped "{[/checkaddstudying]}" onto public java.lang.String hyh.controller.AssistController.checkAddStudying(javax.servlet.http.HttpServletRequest)
[INFO][main][2017-10-30 20:12:32][org.springframework.web.servlet.handler.AbstractHandlerMethodMapping$MappingRegistry] - Mapped "{[/checkaddstudent]}" onto public java.lang.String hyh.controller.AssistController.checkAddStudent(javax.servlet.http.HttpServletRequest)
[INFO][main][2017-10-30 20:12:32][org.springframework.web.servlet.handler.AbstractHandlerMethodMapping$MappingRegistry] - Mapped "{[/checkaddteacher]}" onto public java.lang.String hyh.controller.AssistController.checkAddTeacher(javax.servlet.http.HttpServletRequest)
[INFO][main][2017-10-30 20:12:32][org.springframework.web.servlet.handler.AbstractHandlerMethodMapping$MappingRegistry] - Mapped "{[/teacher]}" onto public java.lang.String hyh.controller.AssistController.getToAddTeacher(javax.servlet.http.HttpServletRequest)
[INFO][main][2017-10-30 20:12:32][org.springframework.web.servlet.handler.AbstractHandlerMethodMapping$MappingRegistry] - Mapped "{[/breakfast]}" onto public java.lang.String hyh.controller.BreakfastController.getToBreakfast(javax.servlet.http.HttpServletRequest)
[INFO][main][2017-10-30 20:12:32][org.springframework.web.servlet.handler.AbstractHandlerMethodMapping$MappingRegistry] - Mapped "{[/checkaddbreuser]}" onto public java.lang.String hyh.controller.BreakfastController.checkAddBreUser(javax.servlet.http.HttpServletRequest)
[INFO][main][2017-10-30 20:12:32][org.springframework.web.servlet.handler.AbstractHandlerMethodMapping$MappingRegistry] - Mapped "{[/uploadfile]}" onto public java.lang.String hyh.controller.FileController.uploadFile(org.springframework.web.multipart.commons.CommonsMultipartFile[],javax.servlet.http.HttpServletRequest)
[INFO][main][2017-10-30 20:12:32][org.springframework.web.servlet.handler.AbstractHandlerMethodMapping$MappingRegistry] - Mapped "{[/admindownload]}" onto public java.lang.String hyh.controller.FileController.download(java.lang.String,java.lang.String,javax.servlet.http.HttpServletResponse)
[INFO][main][2017-10-30 20:12:32][org.springframework.web.servlet.handler.AbstractHandlerMethodMapping$MappingRegistry] - Mapped "{[/adminmakeexcel]}" onto public java.lang.String hyh.controller.FileController.makeExcel(javax.servlet.http.HttpServletRequest)
[INFO][main][2017-10-30 20:12:32][org.springframework.web.servlet.handler.AbstractHandlerMethodMapping$MappingRegistry] - Mapped "{[/adminmakeauthdatazip]}" onto public java.lang.String hyh.controller.FileController.makeAuthDataZip()
[INFO][main][2017-10-30 20:12:32][org.springframework.web.servlet.handler.AbstractHandlerMethodMapping$MappingRegistry] - Mapped "{[/logout]}" onto public java.lang.String hyh.controller.LoginController.logout(javax.servlet.http.HttpSession)
[INFO][main][2017-10-30 20:12:32][org.springframework.web.servlet.handler.AbstractHandlerMethodMapping$MappingRegistry] - Mapped "{[/login]}" onto public java.lang.String hyh.controller.LoginController.getToLogin(javax.servlet.http.HttpSession)
[INFO][main][2017-10-30 20:12:32][org.springframework.web.servlet.handler.AbstractHandlerMethodMapping$MappingRegistry] - Mapped "{[/checklogin]}" onto public java.lang.String hyh.controller.LoginController.checkLogin(java.lang.String,java.lang.String,javax.servlet.http.HttpSession)
[INFO][main][2017-10-30 20:12:32][org.springframework.web.servlet.handler.AbstractHandlerMethodMapping$MappingRegistry] - Mapped "{[/admincheckdelete]}" onto public java.lang.String hyh.controller.QueryUserController.checkDelete(java.lang.String,java.lang.String)
[INFO][main][2017-10-30 20:12:32][org.springframework.web.servlet.handler.AbstractHandlerMethodMapping$MappingRegistry] - Mapped "{[/admincheckupdateassist]}" onto public java.lang.String hyh.controller.QueryUserController.checkUpdateAssist(javax.servlet.http.HttpServletRequest)
[INFO][main][2017-10-30 20:12:32][org.springframework.web.servlet.handler.AbstractHandlerMethodMapping$MappingRegistry] - Mapped "{[/admincheckupdateuser]}" onto public java.lang.String hyh.controller.QueryUserController.checkUpdateUser(javax.servlet.http.HttpServletRequest)
[INFO][main][2017-10-30 20:12:32][org.springframework.web.servlet.handler.AbstractHandlerMethodMapping$MappingRegistry] - Mapped "{[/admingetassist]}" onto public java.lang.String hyh.controller.QueryUserController.getToGetAssist(java.lang.String,javax.servlet.http.HttpServletRequest)
[INFO][main][2017-10-30 20:12:32][org.springframework.web.servlet.handler.AbstractHandlerMethodMapping$MappingRegistry] - Mapped "{[/adminqueryuser]}" onto public java.lang.String hyh.controller.QueryUserController.getToQueryuser(javax.servlet.http.HttpServletRequest)
[INFO][main][2017-10-30 20:12:32][org.springframework.web.servlet.handler.AbstractHandlerMethodMapping$MappingRegistry] - Mapped "{[/admingetuser]}" onto public java.lang.String hyh.controller.QueryUserController.getToGetUser(java.lang.String,java.lang.String,javax.servlet.http.HttpServletRequest,javax.servlet.http.HttpSession)
[INFO][main][2017-10-30 20:12:33][org.springframework.web.servlet.mvc.method.annotation.RequestMappingHandlerAdapter] - Looking for @ControllerAdvice: org.springframework.context.support.GenericApplicationContext@5ec0a365: startup date [Mon Oct 30 20:12:31 GMT+08:00 2017]; root of context hierarchy
[INFO][main][2017-10-30 20:12:33][org.springframework.web.servlet.mvc.method.annotation.RequestMappingHandlerAdapter] - Looking for @ControllerAdvice: org.springframework.context.support.GenericApplicationContext@5ec0a365: startup date [Mon Oct 30 20:12:31 GMT+08:00 2017]; root of context hierarchy
[INFO][main][2017-10-30 20:12:33][org.springframework.test.context.transaction.TransactionContext] - Began transaction (1) for test context [DefaultTestContext@1a2e2935 testClass = ServiceTest, testInstance = hyh.service.ServiceTest@733c423e, testMethod = teseUserService@ServiceTest, testException = [null], mergedContextConfiguration = [MergedContextConfiguration@10c8f62 testClass = ServiceTest, locations = '{classpath*:/spring-mvc.xml, classpath*:/spring-mybatis.xml}', classes = '{}', contextInitializerClasses = '[]', activeProfiles = '{}', propertySourceLocations = '{}', propertySourceProperties = '{}', contextLoader = 'org.springframework.test.context.support.DelegatingSmartContextLoader', parent = [null]]]; transaction manager [org.springframework.jdbc.datasource.DataSourceTransactionManager@4b629f13]; rollback [true]
[INFO][main][2017-10-30 20:12:33][hyh.service.UserService] - 通过学号20111111获取用户
[ERROR][main][2017-10-30 20:12:33][hyh.service.ServiceTest] - java.lang.NullPointerException
[INFO][main][2017-10-30 20:12:33][org.springframework.test.context.transaction.TransactionContext] - Rolled back transaction for test context [DefaultTestContext@1a2e2935 testClass = ServiceTest, testInstance = hyh.service.ServiceTest@733c423e, testMethod = teseUserService@ServiceTest, testException = [null], mergedContextConfiguration = [MergedContextConfiguration@10c8f62 testClass = ServiceTest, locations = '{classpath*:/spring-mvc.xml, classpath*:/spring-mybatis.xml}', classes = '{}', contextInitializerClasses = '[]', activeProfiles = '{}', propertySourceLocations = '{}', propertySourceProperties = '{}', contextLoader = 'org.springframework.test.context.support.DelegatingSmartContextLoader', parent = [null]]].
[INFO][Thread-1][2017-10-30 20:12:33][org.springframework.context.support.AbstractApplicationContext] - Closing org.springframework.context.support.GenericApplicationContext@5ec0a365: startup date [Mon Oct 30 20:12:31 GMT+08:00 2017]; root of context hierarchy
[INFO][Thread-1][2017-10-30 20:12:33][org.springframework.scheduling.concurrent.ExecutorConfigurationSupport] - Shutting down ExecutorService 'scheduler'
[INFO][Thread-1][2017-10-30 20:12:33][org.springframework.scheduling.concurrent.ExecutorConfigurationSupport] - Shutting down ExecutorService
